Warning[207] C:\USERS\52445\DESKTOP\QUINTO SEMESTRE\MICROCONTROLADORES\2_DISP_7SEG.X\2_DISP_7SEG.ASM 15 : Found label after column 1. (CONTADOR)
Warning[207] C:\USERS\52445\DESKTOP\QUINTO SEMESTRE\MICROCONTROLADORES\2_DISP_7SEG.X\2_DISP_7SEG.ASM 16 : Found label after column 1. (LIMITE)
Warning[207] C:\USERS\52445\DESKTOP\QUINTO SEMESTRE\MICROCONTROLADORES\2_DISP_7SEG.X\2_DISP_7SEG.ASM 17 : Found label after column 1. (CONTADOR2)
Warning[207] C:\USERS\52445\DESKTOP\QUINTO SEMESTRE\MICROCONTROLADORES\2_DISP_7SEG.X\2_DISP_7SEG.ASM 18 : Found label after column 1. (LIMITE2)
Warning[207] C:\USERS\52445\DESKTOP\QUINTO SEMESTRE\MICROCONTROLADORES\2_DISP_7SEG.X\2_DISP_7SEG.ASM 19 : Found label after column 1. (MONITOR)
Warning[207] C:\USERS\52445\DESKTOP\QUINTO SEMESTRE\MICROCONTROLADORES\2_DISP_7SEG.X\2_DISP_7SEG.ASM 20 : Found label after column 1. (MONITOR2)
Warning[207] C:\USERS\52445\DESKTOP\QUINTO SEMESTRE\MICROCONTROLADORES\2_DISP_7SEG.X\2_DISP_7SEG.ASM 21 : Found label after column 1. (A)
Warning[207] C:\USERS\52445\DESKTOP\QUINTO SEMESTRE\MICROCONTROLADORES\2_DISP_7SEG.X\2_DISP_7SEG.ASM 22 : Found label after column 1. (NUMERO)
Warning[207] C:\USERS\52445\DESKTOP\QUINTO SEMESTRE\MICROCONTROLADORES\2_DISP_7SEG.X\2_DISP_7SEG.ASM 23 : Found label after column 1. (DELAY)
Warning[207] C:\USERS\52445\DESKTOP\QUINTO SEMESTRE\MICROCONTROLADORES\2_DISP_7SEG.X\2_DISP_7SEG.ASM 24 : Found label after column 1. (CONT)
Message[302] C:\USERS\52445\DESKTOP\QUINTO SEMESTRE\MICROCONTROLADORES\2_DISP_7SEG.X\2_DISP_7SEG.ASM 41 : Register in operand not in bank 0.  Ensure that bank bits are correct.
Message[302] C:\USERS\52445\DESKTOP\QUINTO SEMESTRE\MICROCONTROLADORES\2_DISP_7SEG.X\2_DISP_7SEG.ASM 43 : Register in operand not in bank 0.  Ensure that bank bits are correct.
Message[302] C:\USERS\52445\DESKTOP\QUINTO SEMESTRE\MICROCONTROLADORES\2_DISP_7SEG.X\2_DISP_7SEG.ASM 44 : Register in operand not in bank 0.  Ensure that bank bits are correct.
Message[302] C:\USERS\52445\DESKTOP\QUINTO SEMESTRE\MICROCONTROLADORES\2_DISP_7SEG.X\2_DISP_7SEG.ASM 45 : Register in operand not in bank 0.  Ensure that bank bits are correct.
Message[302] C:\USERS\52445\DESKTOP\QUINTO SEMESTRE\MICROCONTROLADORES\2_DISP_7SEG.X\2_DISP_7SEG.ASM 46 : Register in operand not in bank 0.  Ensure that bank bits are correct.
Message[302] C:\USERS\52445\DESKTOP\QUINTO SEMESTRE\MICROCONTROLADORES\2_DISP_7SEG.X\2_DISP_7SEG.ASM 47 : Register in operand not in bank 0.  Ensure that bank bits are correct.
Message[302] C:\USERS\52445\DESKTOP\QUINTO SEMESTRE\MICROCONTROLADORES\2_DISP_7SEG.X\2_DISP_7SEG.ASM 48 : Register in operand not in bank 0.  Ensure that bank bits are correct.
Message[302] C:\USERS\52445\DESKTOP\QUINTO SEMESTRE\MICROCONTROLADORES\2_DISP_7SEG.X\2_DISP_7SEG.ASM 49 : Register in operand not in bank 0.  Ensure that bank bits are correct.
Message[305] C:\USERS\52445\DESKTOP\QUINTO SEMESTRE\MICROCONTROLADORES\2_DISP_7SEG.X\2_DISP_7SEG.ASM 87 : Using default destination of 1 (file).
Message[305] C:\USERS\52445\DESKTOP\QUINTO SEMESTRE\MICROCONTROLADORES\2_DISP_7SEG.X\2_DISP_7SEG.ASM 133 : Using default destination of 1 (file).
Message[305] C:\USERS\52445\DESKTOP\QUINTO SEMESTRE\MICROCONTROLADORES\2_DISP_7SEG.X\2_DISP_7SEG.ASM 157 : Using default destination of 1 (file).
